#
# There is insufficient memory for the Java Runtime Environment to continue.
# Native memory allocation (mmap) failed to map 62914560 bytes for G1 virtual space
# Possible reasons:
#   The system is out of physical RAM or swap space
#   The process is running with CompressedOops enabled, and the Java Heap may be blocking the growth of the native heap
# Possible solutions:
#   Reduce memory load on the system
#   Increase physical memory or swap space
#   Check if swap backing store is full
#   Decrease Java heap size (-Xmx/-Xms)
#   Decrease number of Java threads
#   Decrease Java thread stack sizes (-Xss)
#   Set larger code cache with -XX:ReservedCodeCacheSize=
#   JVM is running with Zero Based Compressed Oops mode in which the Java heap is
#     placed in the first 32GB address space. The Java Heap base address is the
#     maximum limit for the native heap growth. Please use -XX:HeapBaseMinAddress
#     to set the Java Heap base and to place the Java Heap above 32GB virtual address.
# This output file may be truncated or incomplete.
#
#  Out of Memory Error (os_windows.cpp:3535), pid=25500, tid=20852
#
# JRE version: OpenJDK Runtime Environment Corretto-17.0.3.6.1 (17.0.3+6) (build 17.0.3+6-LTS)
# Java VM: OpenJDK 64-Bit Server VM Corretto-17.0.3.6.1 (17.0.3+6-LTS, mixed mode, sharing, tiered, compressed oops, compressed class ptrs, g1 gc, windows-amd64)
# No core dump will be written. Minidumps are not enabled by default on client versions of Windows
#

---------------  S U M M A R Y ------------

Command Line: -javaagent:C:\Program Files\JetBrains\IntelliJ IDEA 2022.1.3\lib\idea_rt.jar=62257:C:\Program Files\JetBrains\IntelliJ IDEA 2022.1.3\bin -Dfile.encoding=UTF-8 Question7

Host: AMD Ryzen 7 4800U with Radeon Graphics         , 16 cores, 15G,  Windows 11 , 64 bit Build 22621 (10.0.22621.1105)
Time: Thu Jan 12 23:07:48 2023  Windows 11 , 64 bit Build 22621 (10.0.22621.1105) elapsed time: 2.767575 seconds (0d 0h 0m 2s)

---------------  T H R E A D  ---------------

Current thread (0x000001f12a37a330):  VMThread "VM Thread" [stack: 0x000000e701c00000,0x000000e701d00000] [id=20852]

Stack: [0x000000e701c00000,0x000000e701d00000]
Native frames: (J=compiled Java code, j=interpreted, Vv=VM code, C=native code)
V  [jvm.dll+0x645e5a]
V  [jvm.dll+0x7f6fc4]
V  [jvm.dll+0x7f877e]
V  [jvm.dll+0x7f8dd3]
V  [jvm.dll+0x234bb8]
V  [jvm.dll+0x642d9a]
V  [jvm.dll+0x637762]
V  [jvm.dll+0x2f2d09]
V  [jvm.dll+0x2f9ee6]
V  [jvm.dll+0x3459ea]
V  [jvm.dll+0x345c2f]
V  [jvm.dll+0x2c91a8]
V  [jvm.dll+0x2c7697]
V  [jvm.dll+0x2c6c7c]
V  [jvm.dll+0x309deb]
V  [jvm.dll+0x7fd20b]
V  [jvm.dll+0x7fdee8]
V  [jvm.dll+0x7fe415]
V  [jvm.dll+0x7fe7e4]
V  [jvm.dll+0x7fe8ae]
V  [jvm.dll+0x7a9c9a]
V  [jvm.dll+0x644d05]
C  [ucrtbase.dll+0x29363]
C  [KERNEL32.DLL+0x126bd]
C  [ntdll.dll+0x5dfb8]

VM_Operation (0x000000e7016fd730): G1CollectForAllocation, mode: safepoint, requested by thread 0x000001f106d758f0


---------------  P R O C E S S  ---------------

Threads class SMR info:
_java_thread_list=0x000001f12b019280, length=16, elements={
0x000001f106d758f0, 0x000001f12a37dcc0, 0x000001f12a37f680, 0x000001f12ac060a0,
0x000001f12ac06570, 0x000001f12ac06f20, 0x000001f12ac078d0, 0x000001f12ac0a670,
0x000001f12a39e090, 0x000001f12a39ea80, 0x000001f12ad04230, 0x000001f12ad08d60,
0x000001f12ad097f0, 0x000001f12ad12420, 0x000001f12ae37190, 0x000001f12ae1f9c0
}

Java Threads: ( => current thread )
  0x000001f106d758f0 JavaThread "main" [_thread_blocked, id=31132, stack(0x000000e701600000,0x000000e701700000)]
  0x000001f12a37dcc0 JavaThread "Reference Handler" daemon [_thread_blocked, id=16572, stack(0x000000e701d00000,0x000000e701e00000)]
  0x000001f12a37f680 JavaThread "Finalizer" daemon [_thread_blocked, id=21372, stack(0x000000e701e00000,0x000000e701f00000)]
  0x000001f12ac060a0 JavaThread "Signal Dispatcher" daemon [_thread_blocked, id=19776, stack(0x000000e701f00000,0x000000e702000000)]
  0x000001f12ac06570 JavaThread "Attach Listener" daemon [_thread_blocked, id=12896, stack(0x000000e702000000,0x000000e702100000)]
  0x000001f12ac06f20 JavaThread "Service Thread" daemon [_thread_blocked, id=19912, stack(0x000000e702100000,0x000000e702200000)]
  0x000001f12ac078d0 JavaThread "Monitor Deflation Thread" daemon [_thread_blocked, id=29992, stack(0x000000e702200000,0x000000e702300000)]
  0x000001f12ac0a670 JavaThread "C2 CompilerThread0" daemon [_thread_blocked, id=28976, stack(0x000000e702300000,0x000000e702400000)]
  0x000001f12a39e090 JavaThread "C1 CompilerThread0" daemon [_thread_blocked, id=32136, stack(0x000000e702400000,0x000000e702500000)]
  0x000001f12a39ea80 JavaThread "Sweeper thread" daemon [_thread_blocked, id=31396, stack(0x000000e702500000,0x000000e702600000)]
  0x000001f12ad04230 JavaThread "Common-Cleaner" daemon [_thread_blocked, id=30384, stack(0x000000e702600000,0x000000e702700000)]
  0x000001f12ad08d60 JavaThread "C1 CompilerThread1" daemon [_thread_blocked, id=27796, stack(0x000000e702700000,0x000000e702800000)]
  0x000001f12ad097f0 JavaThread "C1 CompilerThread2" daemon [_thread_blocked, id=32632, stack(0x000000e702800000,0x000000e702900000)]
  0x000001f12ad12420 JavaThread "C1 CompilerThread3" daemon [_thread_blocked, id=28520, stack(0x000000e702900000,0x000000e702a00000)]
  0x000001f12ae37190 JavaThread "Monitor Ctrl-Break" daemon [_thread_in_native, id=28748, stack(0x000000e702b00000,0x000000e702c00000)]
  0x000001f12ae1f9c0 JavaThread "Notification Thread" daemon [_thread_blocked, id=20180, stack(0x000000e702c00000,0x000000e702d00000)]

Other Threads:
=>0x000001f12a37a330 VMThread "VM Thread" [stack: 0x000000e701c00000,0x000000e701d00000] [id=20852]
  0x000001f12ae37c60 WatcherThread [stack: 0x000000e702d00000,0x000000e702e00000] [id=29220]
  0x000001f106de0200 GCTaskThread "GC Thread#0" [stack: 0x000000e701700000,0x000000e701800000] [id=25736]
  0x000001f12ae690f0 GCTaskThread "GC Thread#1" [stack: 0x000000e702f00000,0x000000e703000000] [id=22560]
  0x000001f12b15be60 GCTaskThread "GC Thread#2" [stack: 0x000000e703000000,0x000000e703100000] [id=31656]
  0x000001f12aea5cc0 GCTaskThread "GC Thread#3" [stack: 0x000000e703100000,0x000000e703200000] [id=29628]
  0x000001f12aea5f70 GCTaskThread "GC Thread#4" [stack: 0x000000e703200000,0x000000e703300000] [id=30636]
  0x000001f12aeb73a0 GCTaskThread "GC Thread#5" [stack: 0x000000e702a00000,0x000000e702b00000] [id=31380]
  0x000001f12b0626e0 GCTaskThread "GC Thread#6" [stack: 0x000000e702e00000,0x000000e702f00000] [id=31520]
  0x000001f106df2630 ConcurrentGCThread "G1 Main Marker" [stack: 0x000000e701800000,0x000000e701900000] [id=28904]
  0x000001f106df30a0 ConcurrentGCThread "G1 Conc#0" [stack: 0x000000e701900000,0x000000e701a00000] [id=32372]
  0x000001f106e4e270 ConcurrentGCThread "G1 Refine#0" [stack: 0x000000e701a00000,0x000000e701b00000] [id=26220]
  0x000001f106e4ea30 ConcurrentGCThread "G1 Service" [stack: 0x000000e701b00000,0x000000e701c00000] [id=16476]

Threads with active compile tasks:

VM state: at safepoint (normal execution)

VM Mutex/Monitor currently owned by a thread:  ([mutex/lock_event])
[0x000001f106d712c0] Threads_lock - owner thread: 0x000001f12a37a330
[0x000001f106d72af0] Heap_lock - owner thread: 0x000001f106d758f0

Heap address: 0x000000070a200000, size: 3934 MB, Compressed Oops mode: Zero based, Oop shift amount: 3

CDS archive(s) mapped at: [0x0000000800000000-0x0000000800bc0000-0x0000000800bc0000), size 12320768, SharedBaseAddress: 0x0000000800000000, ArchiveRelocationMode: 0.
Compressed class space mapped at: 0x0000000800c00000-0x0000000840c00000, reserved size: 1073741824
Narrow klass base: 0x0000000800000000, Narrow klass shift: 0, Narrow klass range: 0x100000000

GC Precious Log:
 CPUs: 16 total, 16 available
 Memory: 15734M
 Large Page Support: Disabled
 NUMA Support: Disabled
 Compressed Oops: Enabled (Zero based)
 Heap Region Size: 2M
 Heap Min Capacity: 8M
 Heap Initial Capacity: 246M
 Heap Max Capacity: 3934M
 Pre-touch: Disabled
 Parallel Workers: 13
 Concurrent Workers: 3
 Concurrent Refinement Workers: 13
 Periodic GC: Disabled

Heap:
 garbage-first heap   total 303104K, used 1486K [0x000000070a200000, 0x0000000800000000)
  region size 2048K, 1 young (2048K), 1 survivors (2048K)
 Metaspace       used 964K, committed 1152K, reserved 1056768K
  class space    used 75K, committed 192K, reserved 1048576K

Heap Regions: E=young(eden), S=young(survivor), O=old, HS=humongous(starts), HC=humongous(continues), CS=collection set, F=free, OA=open archive, CA=closed archive, TAMS=top-at-mark-start (previous, next)
|   0|0x000000070a200000, 0x000000070a2e6200, 0x000000070a400000| 44%| O|  |TAMS 0x000000070a200000, 0x000000070a200000| Untracked 
|   1|0x000000070a400000, 0x000000070a400000, 0x000000070a600000|  0%| F|  |TAMS 0x000000070a400000, 0x000000070a400000| Untracked 
|   2|0x000000070a600000, 0x000000070a600000, 0x000000070a800000|  0%| F|  |TAMS 0x000000070a600000, 0x000000070a600000| Untracked 
|   3|0x000000070a800000, 0x000000070a800000, 0x000000070aa00000|  0%| F|  |TAMS 0x000000070a800000, 0x000000070a800000| Untracked 
|   4|0x000000070aa00000, 0x000000070aa00000, 0x000000070ac00000|  0%| F|  |TAMS 0x000000070aa00000, 0x000000070aa00000| Untracked 
|   5|0x000000070ac00000, 0x000000070ac00000, 0x000000070ae00000|  0%| F|  |TAMS 0x000000070ac00000, 0x000000070ac00000| Untracked 
|   6|0x000000070ae00000, 0x000000070ae00000, 0x000000070b000000|  0%| F|  |TAMS 0x000000070ae00000, 0x000000070ae00000| Untracked 
|   7|0x000000070b000000, 0x000000070b000000, 0x000000070b200000|  0%| F|  |TAMS 0x000000070b000000, 0x000000070b000000| Untracked 
|   8|0x000000070b200000, 0x000000070b200000, 0x000000070b400000|  0%| F|  |TAMS 0x000000070b200000, 0x000000070b200000| Untracked 
|   9|0x000000070b400000, 0x000000070b400000, 0x000000070b600000|  0%| F|  |TAMS 0x000000070b400000, 0x000000070b400000| Untracked 
|  10|0x000000070b600000, 0x000000070b600000, 0x000000070b800000|  0%| F|  |TAMS 0x000000070b600000, 0x000000070b600000| Untracked 
|  11|0x000000070b800000, 0x000000070b800000, 0x000000070ba00000|  0%| F|  |TAMS 0x000000070b800000, 0x000000070b800000| Untracked 
|  12|0x000000070ba00000, 0x000000070ba00000, 0x000000070bc00000|  0%| F|  |TAMS 0x000000070ba00000, 0x000000070ba00000| Untracked 
|  13|0x000000070bc00000, 0x000000070bc00000, 0x000000070be00000|  0%| F|  |TAMS 0x000000070bc00000, 0x000000070bc00000| Untracked 
|  14|0x000000070be00000, 0x000000070be00000, 0x000000070c000000|  0%| F|  |TAMS 0x000000070be00000, 0x000000070be00000| Untracked 
|  15|0x000000070c000000, 0x000000070c000000, 0x000000070c200000|  0%| F|  |TAMS 0x000000070c000000, 0x000000070c000000| Untracked 
|  16|0x000000070c200000, 0x000000070c200000, 0x000000070c400000|  0%| F|  |TAMS 0x000000070c200000, 0x000000070c200000| Untracked 
|  17|0x000000070c400000, 0x000000070c400000, 0x000000070c600000|  0%| F|  |TAMS 0x000000070c400000, 0x000000070c400000| Untracked 
|  18|0x000000070c600000, 0x000000070c600000, 0x000000070c800000|  0%| F|  |TAMS 0x000000070c600000, 0x000000070c600000| Untracked 
|  19|0x000000070c800000, 0x000000070c800000, 0x000000070ca00000|  0%| F|  |TAMS 0x000000070c800000, 0x000000070c800000| Untracked 
|  20|0x000000070ca00000, 0x000000070ca00000, 0x000000070cc00000|  0%| F|  |TAMS 0x000000070ca00000, 0x000000070ca00000| Untracked 
|  21|0x000000070cc00000, 0x000000070cc00000, 0x000000070ce00000|  0%| F|  |TAMS 0x000000070cc00000, 0x000000070cc00000| Untracked 
|  22|0x000000070ce00000, 0x000000070ce00000, 0x000000070d000000|  0%| F|  |TAMS 0x000000070ce00000, 0x000000070ce00000| Untracked 
|  23|0x000000070d000000, 0x000000070d000000, 0x000000070d200000|  0%| F|  |TAMS 0x000000070d000000, 0x000000070d000000| Untracked 
|  24|0x000000070d200000, 0x000000070d200000, 0x000000070d400000|  0%| F|  |TAMS 0x000000070d200000, 0x000000070d200000| Untracked 
|  25|0x000000070d400000, 0x000000070d400000, 0x000000070d600000|  0%| F|  |TAMS 0x000000070d400000, 0x000000070d400000| Untracked 
|  26|0x000000070d600000, 0x000000070d600000, 0x000000070d800000|  0%| F|  |TAMS 0x000000070d600000, 0x000000070d600000| Untracked 
|  27|0x000000070d800000, 0x000000070d800000, 0x000000070da00000|  0%| F|  |TAMS 0x000000070d800000, 0x000000070d800000| Untracked 
|  28|0x000000070da00000, 0x000000070da00000, 0x000000070dc00000|  0%| F|  |TAMS 0x000000070da00000, 0x000000070da00000| Untracked 
|  29|0x000000070dc00000, 0x000000070dc00000, 0x000000070de00000|  0%| F|  |TAMS 0x000000070dc00000, 0x000000070dc00000| Untracked 
|  30|0x000000070de00000, 0x000000070de00000, 0x000000070e000000|  0%| F|  |TAMS 0x000000070de00000, 0x000000070de00000| Untracked 
|  31|0x000000070e000000, 0x000000070e000000, 0x000000070e200000|  0%| F|  |TAMS 0x000000070e000000, 0x000000070e000000| Untracked 
|  32|0x000000070e200000, 0x000000070e200000, 0x000000070e400000|  0%| F|  |TAMS 0x000000070e200000, 0x000000070e200000| Untracked 
|  33|0x000000070e400000, 0x000000070e400000, 0x000000070e600000|  0%| F|  |TAMS 0x000000070e400000, 0x000000070e400000| Untracked 
|  34|0x000000070e600000, 0x000000070e600000, 0x000000070e800000|  0%| F|  |TAMS 0x000000070e600000, 0x000000070e600000| Untracked 
|  35|0x000000070e800000, 0x000000070e800000, 0x000000070ea00000|  0%| F|  |TAMS 0x000000070e800000, 0x000000070e800000| Untracked 
|  36|0x000000070ea00000, 0x000000070ea00000, 0x000000070ec00000|  0%| F|  |TAMS 0x000000070ea00000, 0x000000070ea00000| Untracked 
|  37|0x000000070ec00000, 0x000000070ec00000, 0x000000070ee00000|  0%| F|  |TAMS 0x000000070ec00000, 0x000000070ec00000| Untracked 
|  38|0x000000070ee00000, 0x000000070ee00000, 0x000000070f000000|  0%| F|  |TAMS 0x000000070ee00000, 0x000000070ee00000| Untracked 
|  39|0x000000070f000000, 0x000000070f000000, 0x000000070f200000|  0%| F|  |TAMS 0x000000070f000000, 0x000000070f000000| Untracked 
|  40|0x000000070f200000, 0x000000070f200000, 0x000000070f400000|  0%| F|  |TAMS 0x000000070f200000, 0x000000070f200000| Untracked 
|  41|0x000000070f400000, 0x000000070f400000, 0x000000070f600000|  0%| F|  |TAMS 0x000000070f400000, 0x000000070f400000| Untracked 
|  42|0x000000070f600000, 0x000000070f600000, 0x000000070f800000|  0%| F|  |TAMS 0x000000070f600000, 0x000000070f600000| Untracked 
|  43|0x000000070f800000, 0x000000070f800000, 0x000000070fa00000|  0%| F|  |TAMS 0x000000070f800000, 0x000000070f800000| Untracked 
|  44|0x000000070fa00000, 0x000000070fa00000, 0x000000070fc00000|  0%| F|  |TAMS 0x000000070fa00000, 0x000000070fa00000| Untracked 
|  45|0x000000070fc00000, 0x000000070fc00000, 0x000000070fe00000|  0%| F|  |TAMS 0x000000070fc00000, 0x000000070fc00000| Untracked 
|  46|0x000000070fe00000, 0x000000070fe00000, 0x0000000710000000|  0%| F|  |TAMS 0x000000070fe00000, 0x000000070fe00000| Untracked 
|  47|0x0000000710000000, 0x0000000710000000, 0x0000000710200000|  0%| F|  |TAMS 0x0000000710000000, 0x0000000710000000| Untracked 
|  48|0x0000000710200000, 0x0000000710200000, 0x0000000710400000|  0%| F|  |TAMS 0x0000000710200000, 0x0000000710200000| Untracked 
|  49|0x0000000710400000, 0x0000000710400000, 0x0000000710600000|  0%| F|  |TAMS 0x0000000710400000, 0x0000000710400000| Untracked 
|  50|0x0000000710600000, 0x0000000710600000, 0x0000000710800000|  0%| F|  |TAMS 0x0000000710600000, 0x0000000710600000| Untracked 
|  51|0x0000000710800000, 0x0000000710800000, 0x0000000710a00000|  0%| F|  |TAMS 0x0000000710800000, 0x0000000710800000| Untracked 
|  52|0x0000000710a00000, 0x0000000710a00000, 0x0000000710c00000|  0%| F|  |TAMS 0x0000000710a00000, 0x0000000710a00000| Untracked 
|  53|0x0000000710c00000, 0x0000000710c00000, 0x0000000710e00000|  0%| F|  |TAMS 0x0000000710c00000, 0x0000000710c00000| Untracked 
|  54|0x0000000710e00000, 0x0000000710e00000, 0x0000000711000000|  0%| F|  |TAMS 0x0000000710e00000, 0x0000000710e00000| Untracked 
|  55|0x0000000711000000, 0x0000000711000000, 0x0000000711200000|  0%| F|  |TAMS 0x0000000711000000, 0x0000000711000000| Untracked 
|  56|0x0000000711200000, 0x0000000711200000, 0x0000000711400000|  0%| F|  |TAMS 0x0000000711200000, 0x0000000711200000| Untracked 
|  57|0x0000000711400000, 0x0000000711400000, 0x0000000711600000|  0%| F|  |TAMS 0x0000000711400000, 0x0000000711400000| Untracked 
|  58|0x0000000711600000, 0x0000000711600000, 0x0000000711800000|  0%| F|  |TAMS 0x0000000711600000, 0x0000000711600000| Untracked 
|  59|0x0000000711800000, 0x0000000711800000, 0x0000000711a00000|  0%| F|  |TAMS 0x0000000711800000, 0x0000000711800000| Untracked 
|  60|0x0000000711a00000, 0x0000000711a8d7a0, 0x0000000711c00000| 27%| S|CS|TAMS 0x0000000711a00000, 0x0000000711a00000| Complete 
|  61|0x0000000711c00000, 0x0000000711c00000, 0x0000000711e00000|  0%| F|  |TAMS 0x0000000711c00000, 0x0000000711c00000| Untracked 
|  62|0x0000000711e00000, 0x0000000711e00000, 0x0000000712000000|  0%| F|  |TAMS 0x0000000711e00000, 0x0000000711e00000| Untracked 
|  63|0x0000000712000000, 0x0000000712000000, 0x0000000712200000|  0%| F|  |TAMS 0x0000000712000000, 0x0000000712000000| Untracked 
|  64|0x0000000712200000, 0x0000000712200000, 0x0000000712400000|  0%| F|  |TAMS 0x0000000712200000, 0x0000000712200000| Untracked 
|  65|0x0000000712400000, 0x0000000712400000, 0x0000000712600000|  0%| F|  |TAMS 0x0000000712400000, 0x0000000712400000| Untracked 
|  66|0x0000000712600000, 0x0000000712600000, 0x0000000712800000|  0%| F|  |TAMS 0x0000000712600000, 0x0000000712600000| Untracked 
|  67|0x0000000712800000, 0x0000000712800000, 0x0000000712a00000|  0%| F|  |TAMS 0x0000000712800000, 0x0000000712800000| Untracked 
|  68|0x0000000712a00000, 0x0000000712a00000, 0x0000000712c00000|  0%| F|  |TAMS 0x0000000712a00000, 0x0000000712a00000| Untracked 
|  69|0x0000000712c00000, 0x0000000712c00000, 0x0000000712e00000|  0%| F|  |TAMS 0x0000000712c00000, 0x0000000712c00000| Untracked 
|  70|0x0000000712e00000, 0x0000000712e00000, 0x0000000713000000|  0%| F|  |TAMS 0x0000000712e00000, 0x0000000712e00000| Untracked 
|  71|0x0000000713000000, 0x0000000713000000, 0x0000000713200000|  0%| F|  |TAMS 0x0000000713000000, 0x0000000713000000| Untracked 
|  72|0x0000000713200000, 0x0000000713200000, 0x0000000713400000|  0%| F|  |TAMS 0x0000000713200000, 0x0000000713200000| Untracked 
|  73|0x0000000713400000, 0x0000000713400000, 0x0000000713600000|  0%| F|  |TAMS 0x0000000713400000, 0x0000000713400000| Untracked 
|  74|0x0000000713600000, 0x0000000713600000, 0x0000000713800000|  0%| F|  |TAMS 0x0000000713600000, 0x0000000713600000| Untracked 
|  75|0x0000000713800000, 0x0000000713800000, 0x0000000713a00000|  0%| F|  |TAMS 0x0000000713800000, 0x0000000713800000| Untracked 
|  76|0x0000000713a00000, 0x0000000713a00000, 0x0000000713c00000|  0%| F|  |TAMS 0x0000000713a00000, 0x0000000713a00000| Untracked 
|  77|0x0000000713c00000, 0x0000000713c00000, 0x0000000713e00000|  0%| F|  |TAMS 0x0000000713c00000, 0x0000000713c00000| Untracked 
|  78|0x0000000713e00000, 0x0000000713e00000, 0x0000000714000000|  0%| F|  |TAMS 0x0000000713e00000, 0x0000000713e00000| Untracked 
|  79|0x0000000714000000, 0x0000000714000000, 0x0000000714200000|  0%| F|  |TAMS 0x0000000714000000, 0x0000000714000000| Untracked 
|  80|0x0000000714200000, 0x0000000714200000, 0x0000000714400000|  0%| F|  |TAMS 0x0000000714200000, 0x0000000714200000| Untracked 
|  81|0x0000000714400000, 0x0000000714400000, 0x0000000714600000|  0%| F|  |TAMS 0x0000000714400000, 0x0000000714400000| Untracked 
|  82|0x0000000714600000, 0x0000000714600000, 0x0000000714800000|  0%| F|  |TAMS 0x0000000714600000, 0x0000000714600000| Untracked 
|  83|0x0000000714800000, 0x0000000714800000, 0x0000000714a00000|  0%| F|  |TAMS 0x0000000714800000, 0x0000000714800000| Untracked 
|  84|0x0000000714a00000, 0x0000000714a00000, 0x0000000714c00000|  0%| F|  |TAMS 0x0000000714a00000, 0x0000000714a00000| Untracked 
|  85|0x0000000714c00000, 0x0000000714c00000, 0x0000000714e00000|  0%| F|  |TAMS 0x0000000714c00000, 0x0000000714c00000| Untracked 
|  86|0x0000000714e00000, 0x0000000714e00000, 0x0000000715000000|  0%| F|  |TAMS 0x0000000714e00000, 0x0000000714e00000| Untracked 
|  87|0x0000000715000000, 0x0000000715000000, 0x0000000715200000|  0%| F|  |TAMS 0x0000000715000000, 0x0000000715000000| Untracked 
|  88|0x0000000715200000, 0x0000000715200000, 0x0000000715400000|  0%| F|  |TAMS 0x0000000715200000, 0x0000000715200000| Untracked 
|  89|0x0000000715400000, 0x0000000715400000, 0x0000000715600000|  0%| F|  |TAMS 0x0000000715400000, 0x0000000715400000| Untracked 
|  90|0x0000000715600000, 0x0000000715600000, 0x0000000715800000|  0%| F|  |TAMS 0x0000000715600000, 0x0000000715600000| Untracked 
|  91|0x0000000715800000, 0x0000000715800000, 0x0000000715a00000|  0%| F|  |TAMS 0x0000000715800000, 0x0000000715800000| Untracked 
|  92|0x0000000715a00000, 0x0000000715a00000, 0x0000000715c00000|  0%| F|  |TAMS 0x0000000715a00000, 0x0000000715a00000| Untracked 
|  93|0x0000000715c00000, 0x0000000715c00000, 0x0000000715e00000|  0%| F|  |TAMS 0x0000000715c00000, 0x0000000715c00000| Untracked 
|  94|0x0000000715e00000, 0x0000000715e00000, 0x0000000716000000|  0%| F|  |TAMS 0x0000000715e00000, 0x0000000715e00000| Untracked 
|  95|0x0000000716000000, 0x0000000716000000, 0x0000000716200000|  0%| F|  |TAMS 0x0000000716000000, 0x0000000716000000| Untracked 
|  96|0x0000000716200000, 0x0000000716200000, 0x0000000716400000|  0%| F|  |TAMS 0x0000000716200000, 0x0000000716200000| Untracked 
|  97|0x0000000716400000, 0x0000000716400000, 0x0000000716600000|  0%| F|  |TAMS 0x0000000716400000, 0x0000000716400000| Untracked 
|  98|0x0000000716600000, 0x0000000716600000, 0x0000000716800000|  0%| F|  |TAMS 0x0000000716600000, 0x0000000716600000| Untracked 
|  99|0x0000000716800000, 0x0000000716800000, 0x0000000716a00000|  0%| F|  |TAMS 0x0000000716800000, 0x0000000716800000| Untracked 
| 100|0x0000000716a00000, 0x0000000716a00000, 0x0000000716c00000|  0%| F|  |TAMS 0x0000000716a00000, 0x0000000716a00000| Untracked 
| 101|0x0000000716c00000, 0x0000000716c00000, 0x0000000716e00000|  0%| F|  |TAMS 0x0000000716c00000, 0x0000000716c00000| Untracked 
| 102|0x0000000716e00000, 0x0000000716e00000, 0x0000000717000000|  0%| F|  |TAMS 0x0000000716e00000, 0x0000000716e00000| Untracked 
| 103|0x0000000717000000, 0x0000000717000000, 0x0000000717200000|  0%| F|  |TAMS 0x0000000717000000, 0x0000000717000000| Untracked 
| 104|0x0000000717200000, 0x0000000717200000, 0x0000000717400000|  0%| F|  |TAMS 0x0000000717200000, 0x0000000717200000| Untracked 
| 105|0x0000000717400000, 0x0000000717400000, 0x0000000717600000|  0%| F|  |TAMS 0x0000000717400000, 0x0000000717400000| Untracked 
| 106|0x0000000717600000, 0x0000000717600000, 0x0000000717800000|  0%| F|  |TAMS 0x0000000717600000, 0x0000000717600000| Untracked 
| 107|0x0000000717800000, 0x0000000717800000, 0x0000000717a00000|  0%| F|  |TAMS 0x0000000717800000, 0x0000000717800000| Untracked 
| 108|0x0000000717a00000, 0x0000000717a00000, 0x0000000717c00000|  0%| F|  |TAMS 0x0000000717a00000, 0x0000000717a00000| Untracked 
| 109|0x0000000717c00000, 0x0000000717c00000, 0x0000000717e00000|  0%| F|  |TAMS 0x0000000717c00000, 0x0000000717c00000| Untracked 
| 110|0x0000000717e00000, 0x0000000717e00000, 0x0000000718000000|  0%| F|  |TAMS 0x0000000717e00000, 0x0000000717e00000| Untracked 
| 111|0x0000000718000000, 0x0000000718000000, 0x0000000718200000|  0%| F|  |TAMS 0x0000000718000000, 0x0000000718000000| Untracked 
| 112|0x0000000718200000, 0x0000000718200000, 0x0000000718400000|  0%| F|  |TAMS 0x0000000718200000, 0x0000000718200000| Untracked 
| 113|0x0000000718400000, 0x0000000718400000, 0x0000000718600000|  0%| F|  |TAMS 0x0000000718400000, 0x0000000718400000| Untracked 
| 114|0x0000000718600000, 0x0000000718600000, 0x0000000718800000|  0%| F|  |TAMS 0x0000000718600000, 0x0000000718600000| Untracked 
| 115|0x0000000718800000, 0x0000000718800000, 0x0000000718a00000|  0%| F|  |TAMS 0x0000000718800000, 0x0000000718800000| Untracked 
| 116|0x0000000718a00000, 0x0000000718a00000, 0x0000000718c00000|  0%| F|  |TAMS 0x0000000718a00000, 0x0000000718a00000| Untracked 
| 117|0x0000000718c00000, 0x0000000718c00000, 0x0000000718e00000|  0%| F|  |TAMS 0x0000000718c00000, 0x0000000718c00000| Untracked 
| 118|0x0000000718e00000, 0x0000000718e00000, 0x0000000719000000|  0%| F|  |TAMS 0x0000000718e00000, 0x0000000718e00000| Untracked 
| 119|0x0000000719000000, 0x0000000719000000, 0x0000000719200000|  0%| F|  |TAMS 0x0000000719000000, 0x0000000719000000| Untracked 
| 120|0x0000000719200000, 0x0000000719200000, 0x0000000719400000|  0%| F|  |TAMS 0x0000000719200000, 0x0000000719200000| Untracked 
| 121|0x0000000719400000, 0x0000000719400000, 0x0000000719600000|  0%| F|  |TAMS 0x0000000719400000, 0x0000000719400000| Untracked 
| 122|0x0000000719600000, 0x0000000719600000, 0x0000000719800000|  0%| F|  |TAMS 0x0000000719600000, 0x0000000719600000| Untracked 
| 123|0x0000000719800000, 0x0000000719800000, 0x0000000719a00000|  0%| F|  |TAMS 0x0000000719800000, 0x0000000719800000| Untracked 
| 124|0x0000000719a00000, 0x0000000719a00000, 0x0000000719c00000|  0%| F|  |TAMS 0x0000000719a00000, 0x0000000719a00000| Untracked 
| 125|0x0000000719c00000, 0x0000000719c00000, 0x0000000719e00000|  0%| F|  |TAMS 0x0000000719c00000, 0x0000000719c00000| Untracked 
| 126|0x0000000719e00000, 0x0000000719e00000, 0x000000071a000000|  0%| F|  |TAMS 0x0000000719e00000, 0x0000000719e00000| Untracked 
| 127|0x000000071a000000, 0x000000071a000000, 0x000000071a200000|  0%| F|  |TAMS 0x000000071a000000, 0x000000071a000000| Untracked 
| 128|0x000000071a200000, 0x000000071a200000, 0x000000071a400000|  0%| F|  |TAMS 0x000000071a200000, 0x000000071a200000| Untracked 
| 129|0x000000071a400000, 0x000000071a400000, 0x000000071a600000|  0%| F|  |TAMS 0x000000071a400000, 0x000000071a400000| Untracked 
| 130|0x000000071a600000, 0x000000071a600000, 0x000000071a800000|  0%| F|  |TAMS 0x000000071a600000, 0x000000071a600000| Untracked 
| 131|0x000000071a800000, 0x000000071a800000, 0x000000071aa00000|  0%| F|  |TAMS 0x000000071a800000, 0x000000071a800000| Untracked 
| 132|0x000000071aa00000, 0x000000071aa00000, 0x000000071ac00000|  0%| F|  |TAMS 0x000000071aa00000, 0x000000071aa00000| Untracked 
| 133|0x000000071ac00000, 0x000000071ac00000, 0x000000071ae00000|  0%| F|  |TAMS 0x000000071ac00000, 0x000000071ac00000| Untracked 
| 134|0x000000071ae00000, 0x000000071ae00000, 0x000000071b000000|  0%| F|  |TAMS 0x000000071ae00000, 0x000000071ae00000| Untracked 
| 135|0x000000071b000000, 0x000000071b000000, 0x000000071b200000|  0%| F|  |TAMS 0x000000071b000000, 0x000000071b000000| Untracked 
| 136|0x000000071b200000, 0x000000071b200000, 0x000000071b400000|  0%| F|  |TAMS 0x000000071b200000, 0x000000071b200000| Untracked 
| 137|0x000000071b400000, 0x000000071b400000, 0x000000071b600000|  0%| F|  |TAMS 0x000000071b400000, 0x000000071b400000| Untracked 
| 138|0x000000071b600000, 0x000000071b600000, 0x000000071b800000|  0%| F|  |TAMS 0x000000071b600000, 0x000000071b600000| Untracked 
| 139|0x000000071b800000, 0x000000071b800000, 0x000000071ba00000|  0%| F|  |TAMS 0x000000071b800000, 0x000000071b800000| Untracked 
| 140|0x000000071ba00000, 0x000000071ba00000, 0x000000071bc00000|  0%| F|  |TAMS 0x000000071ba00000, 0x000000071ba00000| Untracked 
| 141|0x000000071bc00000, 0x000000071bc00000, 0x000000071be00000|  0%| F|  |TAMS 0x000000071bc00000, 0x000000071bc00000| Untracked 
| 142|0x000000071be00000, 0x000000071be00000, 0x000000071c000000|  0%| F|  |TAMS 0x000000071be00000, 0x000000071be00000| Untracked 
| 143|0x000000071c000000, 0x000000071c000000, 0x000000071c200000|  0%| F|  |TAMS 0x000000071c000000, 0x000000071c000000| Untracked 
| 144|0x000000071c200000, 0x000000071c200000, 0x000000071c400000|  0%| F|  |TAMS 0x000000071c200000, 0x000000071c200000| Untracked 
| 145|0x000000071c400000, 0x000000071c400000, 0x000000071c600000|  0%| F|  |TAMS 0x000000071c400000, 0x000000071c400000| Untracked 
| 146|0x000000071c600000, 0x000000071c600000, 0x000000071c800000|  0%| F|  |TAMS 0x000000071c600000, 0x000000071c600000| Untracked 
| 147|0x000000071c800000, 0x000000071c800000, 0x000000071ca00000|  0%| F|  |TAMS 0x000000071c800000, 0x000000071c800000| Untracked 

Card table byte_map: [0x000001f11e8b0000,0x000001f11f060000] _byte_map_base: 0x000001f11b05f000

Marking Bits (Prev, Next): (CMBitMap*) 0x000001f106de2730, (CMBitMap*) 0x000001f106de2770
 Prev Bits: [0x000001f11f810000, 0x000001f123588000)
 Next Bits: [0x000001f123590000, 0x000001f127308000)

Polling page: 0x000001f106550000

Metaspace:

Usage:
  Non-class:    889.18 KB used.
      Class:     75.34 KB used.
       Both:    964.52 KB used.

Virtual space:
  Non-class space:        8.00 MB reserved,     960.00 KB ( 12%) committed,  1 nodes.
      Class space:        1.00 GB reserved,     192.00 KB ( <1%) committed,  1 nodes.
             Both:        1.01 GB reserved,       1.13 MB ( <1%) committed. 

Chunk freelists:
   Non-Class:  3.96 MB
       Class:  3.74 MB
        Both:  7.70 MB

MaxMetaspaceSize: unlimited
CompressedClassSpaceSize: 1.00 GB
Initial GC threshold: 21.00 MB
Current GC threshold: 21.00 MB
CDS: on
MetaspaceReclaimPolicy: balanced
 - commit_granule_bytes: 65536.
 - commit_granule_words: 8192.
 - virtual_space_node_default_size: 1048576.
 - enlarge_chunks_in_place: 1.
 - new_chunks_are_fully_committed: 0.
 - uncommit_free_chunks: 1.
 - use_allocation_guard: 0.
 - handle_deallocations: 1.


Internal statistics:

num_allocs_failed_limit: 0.
num_arena_births: 12.
num_arena_deaths: 0.
num_vsnodes_births: 2.
num_vsnodes_deaths: 0.
num_space_committed: 18.
num_space_uncommitted: 0.
num_chunks_returned_to_freelist: 0.
num_chunks_taken_from_freelist: 19.
num_chunk_merges: 0.
num_chunk_splits: 7.
num_chunks_enlarged: 3.
num_purges: 0.
num_inconsistent_stats: 0.

CodeHeap 'non-profiled nmethods': size=119168Kb used=118Kb max_used=118Kb free=119049Kb
 bounds [0x000001f116410000, 0x000001f116680000, 0x000001f11d870000]
CodeHeap 'profiled nmethods': size=119104Kb used=377Kb max_used=377Kb free=118727Kb
 bounds [0x000001f10efc0000, 0x000001f10f230000, 0x000001f116410000]
CodeHeap 'non-nmethods': size=7488Kb used=2812Kb max_used=2828Kb free=4676Kb
 bounds [0x000001f10e870000, 0x000001f10eb40000, 0x000001f10efc0000]
 total_blobs=693 nmethods=286 adapters=317
 compilation: enabled
              stopped_count=0, restarted_count=0
 full_count=0

Compilation events (20 events):
Event: 1.099 Thread 0x000001f12a39e090  276       3       java.util.LinkedHashMap::newNode (23 bytes)
Event: 1.099 Thread 0x000001f12ad08d60  278       3       java.util.LinkedHashMap::linkNodeLast (33 bytes)
Event: 1.100 Thread 0x000001f12ad12420 nmethod 275 0x000001f11642d190 code [0x000001f11642d320, 0x000001f11642d3f8]
Event: 1.100 Thread 0x000001f12ad12420  279       3       java.util.LinkedHashMap::afterNodeInsertion (40 bytes)
Event: 1.100 Thread 0x000001f12ad097f0 nmethod 277 0x000001f10f01b210 code [0x000001f10f01b3c0, 0x000001f10f01b6b8]
Event: 1.100 Thread 0x000001f12ad08d60 nmethod 278 0x000001f10f01b790 code [0x000001f10f01b940, 0x000001f10f01bc78]
Event: 1.100 Thread 0x000001f12a39e090 nmethod 276 0x000001f10f01bd90 code [0x000001f10f01bf60, 0x000001f10f01c388]
Event: 1.100 Thread 0x000001f12a39e090  280       3       java.util.HashSet::contains (9 bytes)
Event: 1.100 Thread 0x000001f12ad12420 nmethod 279 0x000001f10f01c510 code [0x000001f10f01c6c0, 0x000001f10f01c8b8]
Event: 1.100 Thread 0x000001f12a39e090 nmethod 280 0x000001f10f01c990 code [0x000001f10f01cb40, 0x000001f10f01cdc8]
Event: 1.106 Thread 0x000001f12ad12420  281       3       jdk.internal.misc.Unsafe::putReferenceRelease (9 bytes)
Event: 1.106 Thread 0x000001f12ad08d60  283       3       java.util.concurrent.ConcurrentHashMap::setTabAt (20 bytes)
Event: 1.106 Thread 0x000001f12ad12420 nmethod 281 0x000001f10f01ce90 code [0x000001f10f01d020, 0x000001f10f01d198]
Event: 1.106 Thread 0x000001f12a39e090  284       3       java.lang.CharacterDataLatin1::getProperties (11 bytes)
Event: 1.106 Thread 0x000001f12ad08d60 nmethod 283 0x000001f10f01d210 code [0x000001f10f01d3c0, 0x000001f10f01d5e8]
Event: 1.107 Thread 0x000001f12a39e090 nmethod 284 0x000001f10f01d690 code [0x000001f10f01d820, 0x000001f10f01d958]
Event: 1.107 Thread 0x000001f12ad097f0  285       3       java.util.Objects::requireNonNull (15 bytes)
Event: 1.107 Thread 0x000001f12ad12420  286       3       java.lang.StringLatin1::inflate (34 bytes)
Event: 1.107 Thread 0x000001f12ad097f0 nmethod 285 0x000001f10f01da10 code [0x000001f10f01dbc0, 0x000001f10f01dda8]
Event: 1.107 Thread 0x000001f12ad12420 nmethod 286 0x000001f10f01de90 code [0x000001f10f01e040, 0x000001f10f01e258]

GC Heap History (20 events):
Event: 1.059 GC heap after
{Heap after GC invocations=7 (full 0):
 garbage-first heap   total 251904K, used 965K [0x000000070a200000, 0x0000000800000000)
  region size 2048K, 1 young (2048K), 1 survivors (2048K)
 Metaspace       used 728K, committed 896K, reserved 1056768K
  class space    used 59K, committed 128K, reserved 1048576K
}
Event: 1.210 GC heap before
{Heap before GC invocations=7 (full 0):
 garbage-first heap   total 251904K, used 148421K [0x000000070a200000, 0x0000000800000000)
  region size 2048K, 73 young (149504K), 1 survivors (2048K)
 Metaspace       used 964K, committed 1152K, reserved 1056768K
  class space    used 75K, committed 192K, reserved 1048576K
}
Event: 1.212 GC heap after
{Heap after GC invocations=8 (full 0):
 garbage-first heap   total 251904K, used 1524K [0x000000070a200000, 0x0000000800000000)
  region size 2048K, 1 young (2048K), 1 survivors (2048K)
 Metaspace       used 964K, committed 1152K, reserved 1056768K
  class space    used 75K, committed 192K, reserved 1048576K
}
Event: 1.361 GC heap before
{Heap before GC invocations=8 (full 0):
 garbage-first heap   total 251904K, used 148980K [0x000000070a200000, 0x0000000800000000)
  region size 2048K, 73 young (149504K), 1 survivors (2048K)
 Metaspace       used 964K, committed 1152K, reserved 1056768K
  class space    used 75K, committed 192K, reserved 1048576K
}
Event: 1.363 GC heap after
{Heap after GC invocations=9 (full 0):
 garbage-first heap   total 251904K, used 1499K [0x000000070a200000, 0x0000000800000000)
  region size 2048K, 1 young (2048K), 1 survivors (2048K)
 Metaspace       used 964K, committed 1152K, reserved 1056768K
  class space    used 75K, committed 192K, reserved 1048576K
}
Event: 1.506 GC heap before
{Heap before GC invocations=9 (full 0):
 garbage-first heap   total 251904K, used 148955K [0x000000070a200000, 0x0000000800000000)
  region size 2048K, 73 young (149504K), 1 survivors (2048K)
 Metaspace       used 964K, committed 1152K, reserved 1056768K
  class space    used 75K, committed 192K, reserved 1048576K
}
Event: 1.509 GC heap after
{Heap after GC invocations=10 (full 0):
 garbage-first heap   total 303104K, used 1521K [0x000000070a200000, 0x0000000800000000)
  region size 2048K, 1 young (2048K), 1 survivors (2048K)
 Metaspace       used 964K, committed 1152K, reserved 1056768K
  class space    used 75K, committed 192K, reserved 1048576K
}
Event: 1.709 GC heap before
{Heap before GC invocations=10 (full 0):
 garbage-first heap   total 303104K, used 179697K [0x000000070a200000, 0x0000000800000000)
  region size 2048K, 88 young (180224K), 1 survivors (2048K)
 Metaspace       used 964K, committed 1152K, reserved 1056768K
  class space    used 75K, committed 192K, reserved 1048576K
}
Event: 1.711 GC heap after
{Heap after GC invocations=11 (full 0):
 garbage-first heap   total 303104K, used 1523K [0x000000070a200000, 0x0000000800000000)
  region size 2048K, 1 young (2048K), 1 survivors (2048K)
 Metaspace       used 964K, committed 1152K, reserved 1056768K
  class space    used 75K, committed 192K, reserved 1048576K
}
Event: 1.892 GC heap before
{Heap before GC invocations=11 (full 0):
 garbage-first heap   total 303104K, used 179699K [0x000000070a200000, 0x0000000800000000)
  region size 2048K, 88 young (180224K), 1 survivors (2048K)
 Metaspace       used 964K, committed 1152K, reserved 1056768K
  class space    used 75K, committed 192K, reserved 1048576K
}
Event: 1.894 GC heap after
{Heap after GC invocations=12 (full 0):
 garbage-first heap   total 303104K, used 1492K [0x000000070a200000, 0x0000000800000000)
  region size 2048K, 1 young (2048K), 1 survivors (2048K)
 Metaspace       used 964K, committed 1152K, reserved 1056768K
  class space    used 75K, committed 192K, reserved 1048576K
}
Event: 2.065 GC heap before
{Heap before GC invocations=12 (full 0):
 garbage-first heap   total 303104K, used 179668K [0x000000070a200000, 0x0000000800000000)
  region size 2048K, 88 young (180224K), 1 survivors (2048K)
 Metaspace       used 964K, committed 1152K, reserved 1056768K
  class space    used 75K, committed 192K, reserved 1048576K
}
Event: 2.066 GC heap after
{Heap after GC invocations=13 (full 0):
 garbage-first heap   total 303104K, used 1505K [0x000000070a200000, 0x0000000800000000)
  region size 2048K, 1 young (2048K), 1 survivors (2048K)
 Metaspace       used 964K, committed 1152K, reserved 1056768K
  class space    used 75K, committed 192K, reserved 1048576K
}
Event: 2.236 GC heap before
{Heap before GC invocations=13 (full 0):
 garbage-first heap   total 303104K, used 179681K [0x000000070a200000, 0x0000000800000000)
  region size 2048K, 88 young (180224K), 1 survivors (2048K)
 Metaspace       used 964K, committed 1152K, reserved 1056768K
  class space    used 75K, committed 192K, reserved 1048576K
}
Event: 2.238 GC heap after
{Heap after GC invocations=14 (full 0):
 garbage-first heap   total 303104K, used 1524K [0x000000070a200000, 0x0000000800000000)
  region size 2048K, 1 young (2048K), 1 survivors (2048K)
 Metaspace       used 964K, committed 1152K, reserved 1056768K
  class space    used 75K, committed 192K, reserved 1048576K
}
Event: 2.409 GC heap before
{Heap before GC invocations=14 (full 0):
 garbage-first heap   total 303104K, used 179700K [0x000000070a200000, 0x0000000800000000)
  region size 2048K, 88 young (180224K), 1 survivors (2048K)
 Metaspace       used 964K, committed 1152K, reserved 1056768K
  class space    used 75K, committed 192K, reserved 1048576K
}
Event: 2.411 GC heap after
{Heap after GC invocations=15 (full 0):
 garbage-first heap   total 303104K, used 1521K [0x000000070a200000, 0x0000000800000000)
  region size 2048K, 1 young (2048K), 1 survivors (2048K)
 Metaspace       used 964K, committed 1152K, reserved 1056768K
  class space    used 75K, committed 192K, reserved 1048576K
}
Event: 2.584 GC heap before
{Heap before GC invocations=15 (full 0):
 garbage-first heap   total 303104K, used 179697K [0x000000070a200000, 0x0000000800000000)
  region size 2048K, 88 young (180224K), 1 survivors (2048K)
 Metaspace       used 964K, committed 1152K, reserved 1056768K
  class space    used 75K, committed 192K, reserved 1048576K
}
Event: 2.586 GC heap after
{Heap after GC invocations=16 (full 0):
 garbage-first heap   total 303104K, used 1546K [0x000000070a200000, 0x0000000800000000)
  region size 2048K, 1 young (2048K), 1 survivors (2048K)
 Metaspace       used 964K, committed 1152K, reserved 1056768K
  class space    used 75K, committed 192K, reserved 1048576K
}
Event: 2.763 GC heap before
{Heap before GC invocations=16 (full 0):
 garbage-first heap   total 303104K, used 179722K [0x000000070a200000, 0x0000000800000000)
  region size 2048K, 88 young (180224K), 1 survivors (2048K)
 Metaspace       used 964K, committed 1152K, reserved 1056768K
  class space    used 75K, committed 192K, reserved 1048576K
}

Deoptimization events (2 events):
Event: 0.267 Thread 0x000001f106d758f0 DEOPT PACKING pc=0x000001f10f001c47 sp=0x000000e7016fef30
Event: 0.267 Thread 0x000001f106d758f0 DEOPT UNPACKING pc=0x000001f10e8c2b43 sp=0x000000e7016fe4a8 mode 0

Classes unloaded (0 events):
No events

Classes redefined (0 events):
No events

Internal exceptions (2 events):
Event: 0.109 Thread 0x000001f12ae37190 Exception <a 'java/lang/NoSuchMethodError'{0x00000007194e6580}: 'java.lang.Object java.lang.invoke.DirectMethodHandle$Holder.invokeStaticInit(java.lang.Object)'> (0x00000007194e6580) 
thrown [c:\wsjdk\corretto17src\installers\windows\zip\corretto-build\buildroot\src\hotspot\share\interpreter\linkResolver.cpp, line 766]
Event: 0.121 Thread 0x000001f12ae37190 Exception <a 'java/lang/NoSuchMethodError'{0x00000007194f46d0}: 'void java.lang.invoke.DirectMethodHandle$Holder.invokeStatic(java.lang.Object, java.lang.Object)'> (0x00000007194f46d0) 
thrown [c:\wsjdk\corretto17src\installers\windows\zip\corretto-build\buildroot\src\hotspot\share\interpreter\linkResolver.cpp, line 766]

VM Operations (20 events):
Event: 1.059 Executing VM operation: G1CollectForAllocation done
Event: 1.210 Executing VM operation: G1CollectForAllocation
Event: 1.212 Executing VM operation: G1CollectForAllocation done
Event: 1.360 Executing VM operation: G1CollectForAllocation
Event: 1.363 Executing VM operation: G1CollectForAllocation done
Event: 1.506 Executing VM operation: G1CollectForAllocation
Event: 1.509 Executing VM operation: G1CollectForAllocation done
Event: 1.708 Executing VM operation: G1CollectForAllocation
Event: 1.711 Executing VM operation: G1CollectForAllocation done
Event: 1.891 Executing VM operation: G1CollectForAllocation
Event: 1.894 Executing VM operation: G1CollectForAllocation done
Event: 2.065 Executing VM operation: G1CollectForAllocation
Event: 2.066 Executing VM operation: G1CollectForAllocation done
Event: 2.236 Executing VM operation: G1CollectForAllocation
Event: 2.238 Executing VM operation: G1CollectForAllocation done
Event: 2.408 Executing VM operation: G1CollectForAllocation
Event: 2.411 Executing VM operation: G1CollectForAllocation done
Event: 2.584 Executing VM operation: G1CollectForAllocation
Event: 2.586 Executing VM operation: G1CollectForAllocation done
Event: 2.763 Executing VM operation: G1CollectForAllocation

Events (20 events):
Event: 1.091 loading class sun/util/locale/provider/TimeZoneNameProviderImpl done
Event: 1.091 loading class sun/util/cldr/CLDRTimeZoneNameProviderImpl done
Event: 1.094 loading class sun/util/locale/provider/BaseLocaleDataMetaInfo
Event: 1.094 loading class sun/util/locale/provider/BaseLocaleDataMetaInfo done
Event: 1.097 loading class sun/util/resources/cldr/TimeZoneNames
Event: 1.097 loading class sun/util/resources/TimeZoneNamesBundle
Event: 1.097 loading class sun/util/resources/OpenListResourceBundle
Event: 1.097 loading class sun/util/resources/OpenListResourceBundle done
Event: 1.097 loading class sun/util/resources/TimeZoneNamesBundle done
Event: 1.097 loading class sun/util/resources/cldr/TimeZoneNames done
Event: 1.098 loading class sun/util/resources/cldr/TimeZoneNames_en
Event: 1.098 loading class sun/util/resources/cldr/TimeZoneNames_en done
Event: 1.099 loading class sun/util/resources/cldr/TimeZoneNames_en_US
Event: 1.099 loading class sun/util/resources/cldr/TimeZoneNames_en_US done
Event: 1.099 loading class java/util/LinkedHashMap$LinkedKeySet
Event: 1.100 loading class java/util/LinkedHashMap$LinkedKeySet done
Event: 1.100 loading class sun/util/resources/TimeZoneNames
Event: 1.101 loading class sun/util/resources/TimeZoneNames done
Event: 1.101 loading class sun/util/resources/TimeZoneNames_en
Event: 1.101 loading class sun/util/resources/TimeZoneNames_en done


Dynamic libraries:
0x00007ff6646e0000 - 0x00007ff6646ed000 	C:\Users\BiuBiu\.jdks\corretto-17.0.3\bin\java.exe
0x00007ffff1e70000 - 0x00007ffff2084000 	C:\WINDOWS\SYSTEM32\ntdll.dll
0x00007ffff07a0000 - 0x00007ffff0863000 	C:\WINDOWS\System32\KERNEL32.DLL
0x00007fffef290000 - 0x00007fffef62d000 	C:\WINDOWS\System32\KERNELBASE.dll
0x00007fffef660000 - 0x00007fffef771000 	C:\WINDOWS\System32\ucrtbase.dll
0x00007fffe9590000 - 0x00007fffe95a8000 	C:\Users\BiuBiu\.jdks\corretto-17.0.3\bin\jli.dll
0x00007fffe9640000 - 0x00007fffe9655000 	C:\Users\BiuBiu\.jdks\corretto-17.0.3\bin\VCRUNTIME140.dll
0x00007ffff0b40000 - 0x00007ffff0ced000 	C:\WINDOWS\System32\USER32.dll
0x00007fffef630000 - 0x00007fffef656000 	C:\WINDOWS\System32\win32u.dll
0x00007ffff0cf0000 - 0x00007ffff0d19000 	C:\WINDOWS\System32\GDI32.dll
0x00007fffe03d0000 - 0x00007fffe065e000 	C:\WINDOWS\WinSxS\amd64_microsoft.windows.common-controls_6595b64144ccf1df_6.0.22621.608_none_a9444ca7c10bb01d\COMCTL32.dll
0x00007fffefb40000 - 0x00007fffefc52000 	C:\WINDOWS\System32\gdi32full.dll
0x00007ffff0ee0000 - 0x00007ffff0f87000 	C:\WINDOWS\System32\msvcrt.dll
0x00007fffef780000 - 0x00007fffef81a000 	C:\WINDOWS\System32\msvcp_win.dll
0x00007ffff0870000 - 0x00007ffff08a2000 	C:\WINDOWS\System32\IMM32.DLL
0x00007fffe1880000 - 0x00007fffe191b000 	C:\Users\BiuBiu\.jdks\corretto-17.0.3\bin\msvcp140.dll
0x00007fffa9c90000 - 0x00007fffaa8ab000 	C:\Users\BiuBiu\.jdks\corretto-17.0.3\bin\server\jvm.dll
0x00007ffff08b0000 - 0x00007ffff095e000 	C:\WINDOWS\System32\ADVAPI32.dll
0x00007fffefc60000 - 0x00007fffefd04000 	C:\WINDOWS\System32\sechost.dll
0x00007ffff1680000 - 0x00007ffff1795000 	C:\WINDOWS\System32\RPCRT4.dll
0x00007ffff0990000 - 0x00007ffff0998000 	C:\WINDOWS\System32\PSAPI.DLL
0x00007fffe1b30000 - 0x00007fffe1b39000 	C:\WINDOWS\SYSTEM32\WSOCK32.dll
0x00007fffefd10000 - 0x00007fffefd81000 	C:\WINDOWS\System32\WS2_32.dll
0x00007fffe64c0000 - 0x00007fffe64ca000 	C:\WINDOWS\SYSTEM32\VERSION.dll
0x00007fffe9860000 - 0x00007fffe9894000 	C:\WINDOWS\SYSTEM32\WINMM.dll
0x00007fffee2a0000 - 0x00007fffee2b8000 	C:\WINDOWS\SYSTEM32\kernel.appcore.dll
0x00007fffe9690000 - 0x00007fffe969a000 	C:\Users\BiuBiu\.jdks\corretto-17.0.3\bin\jimage.dll
0x00007fffecb00000 - 0x00007fffecd2e000 	C:\WINDOWS\SYSTEM32\DBGHELP.DLL
0x00007ffff10f0000 - 0x00007ffff147a000 	C:\WINDOWS\System32\combase.dll
0x00007ffff17a0000 - 0x00007ffff1877000 	C:\WINDOWS\System32\OLEAUT32.dll
0x00007fffe6880000 - 0x00007fffe68b2000 	C:\WINDOWS\SYSTEM32\dbgcore.DLL
0x00007fffefac0000 - 0x00007fffefb3b000 	C:\WINDOWS\System32\bcryptPrimitives.dll
0x00007fffe8530000 - 0x00007fffe853e000 	C:\Users\BiuBiu\.jdks\corretto-17.0.3\bin\instrument.dll
0x00007fffe56b0000 - 0x00007fffe56d5000 	C:\Users\BiuBiu\.jdks\corretto-17.0.3\bin\java.dll
0x00007fffce6b0000 - 0x00007fffce786000 	C:\Users\BiuBiu\.jdks\corretto-17.0.3\bin\jsvml.dll
0x00007fffeffb0000 - 0x00007ffff079f000 	C:\WINDOWS\System32\SHELL32.dll
0x00007fffed260000 - 0x00007fffedb28000 	C:\WINDOWS\SYSTEM32\windows.storage.dll
0x00007fffed120000 - 0x00007fffed25e000 	C:\WINDOWS\SYSTEM32\wintypes.dll
0x00007ffff0ff0000 - 0x00007ffff10e1000 	C:\WINDOWS\System32\SHCORE.dll
0x00007ffff0f90000 - 0x00007ffff0fee000 	C:\WINDOWS\System32\shlwapi.dll
0x00007fffef1c0000 - 0x00007fffef1e1000 	C:\WINDOWS\SYSTEM32\profapi.dll
0x00007fffe5f70000 - 0x00007fffe5f88000 	C:\Users\BiuBiu\.jdks\corretto-17.0.3\bin\zip.dll
0x00007fffe65d0000 - 0x00007fffe65e9000 	C:\Users\BiuBiu\.jdks\corretto-17.0.3\bin\net.dll
0x00007fffe92e0000 - 0x00007fffe940f000 	C:\WINDOWS\SYSTEM32\WINHTTP.dll
0x00007fffee700000 - 0x00007fffee769000 	C:\WINDOWS\system32\mswsock.dll
0x00007fffe5fb0000 - 0x00007fffe5fc5000 	C:\Users\BiuBiu\.jdks\corretto-17.0.3\bin\nio.dll
0x00007fffe44d0000 - 0x00007fffe44ea000 	C:\Program Files\JetBrains\IntelliJ IDEA 2022.1.3\bin\breakgen64.dll

dbghelp: loaded successfully - version: 4.0.5 - missing functions: none
symbol engine: initialized successfully - sym options: 0x614 - pdb path: .;C:\Users\BiuBiu\.jdks\corretto-17.0.3\bin;C:\WINDOWS\SYSTEM32;C:\WINDOWS\WinSxS\amd64_microsoft.windows.common-controls_6595b64144ccf1df_6.0.22621.608_none_a9444ca7c10bb01d;C:\Users\BiuBiu\.jdks\corretto-17.0.3\bin\server;C:\Program Files\JetBrains\IntelliJ IDEA 2022.1.3\bin

VM Arguments:
jvm_args: -javaagent:C:\Program Files\JetBrains\IntelliJ IDEA 2022.1.3\lib\idea_rt.jar=62257:C:\Program Files\JetBrains\IntelliJ IDEA 2022.1.3\bin -Dfile.encoding=UTF-8 
java_command: Question7
java_class_path (initial): C:\BiuBiu\Project\algorithmPractice\out\production\question7StringConversionInteger
Launcher Type: SUN_STANDARD

[Global flags]
     intx CICompilerCount                          = 12                                        {product} {ergonomic}
     uint ConcGCThreads                            = 3                                         {product} {ergonomic}
     uint G1ConcRefinementThreads                  = 13                                        {product} {ergonomic}
   size_t G1HeapRegionSize                         = 2097152                                   {product} {ergonomic}
    uintx GCDrainStackTargetSize                   = 64                                        {product} {ergonomic}
   size_t InitialHeapSize                          = 257949696                                 {product} {ergonomic}
   size_t MarkStackSize                            = 4194304                                   {product} {ergonomic}
   size_t MaxHeapSize                              = 4125097984                                {product} {ergonomic}
   size_t MaxNewSize                               = 2474639360                                {product} {ergonomic}
   size_t MinHeapDeltaBytes                        = 2097152                                   {product} {ergonomic}
   size_t MinHeapSize                              = 8388608                                   {product} {ergonomic}
    uintx NonNMethodCodeHeapSize                   = 7602480                                {pd product} {ergonomic}
    uintx NonProfiledCodeHeapSize                  = 122027880                              {pd product} {ergonomic}
    uintx ProfiledCodeHeapSize                     = 122027880                              {pd product} {ergonomic}
    uintx ReservedCodeCacheSize                    = 251658240                              {pd product} {ergonomic}
     bool SegmentedCodeCache                       = true                                      {product} {ergonomic}
   size_t SoftMaxHeapSize                          = 4125097984                             {manageable} {ergonomic}
     bool UseCompressedClassPointers               = true                           {product lp64_product} {ergonomic}
     bool UseCompressedOops                        = true                           {product lp64_product} {ergonomic}
     bool UseG1GC                                  = true                                      {product} {ergonomic}
     bool UseLargePagesIndividualAllocation        = false                                  {pd product} {ergonomic}

Logging:
Log output configuration:
 #0: stdout all=warning uptime,level,tags
 #1: stderr all=off uptime,level,tags

Environment Variables:
JAVA_HOME=C:\BiuBiu\environment\jdk\java17
PATH=C:\BiuBiu\environment\jdk\java17\bin;C:\Program Files (x86)\VMware\VMware Workstation\bin\;C:\WINDOWS\system32;C:\WINDOWS;C:\WINDOWS\System32\Wbem;C:\WINDOWS\System32\WindowsPowerShell\v1.0\;C:\WINDOWS\System32\OpenSSH\;C:\Program Files\Git\cmd;C:\Program Files\Docker\Docker\resources\bin;C:\ProgramData\DockerDesktop\version-bin;C:\Program Files (x86)\ZeroTier\One\;C:\Users\BiuBiu\AppData\Roaming\nvm;C:\Program Files\nodejs;C:\Users\BiuBiu\AppData\Roaming\nvm;C:\Program Files\PuTTY\;C:\BiuBiu\environment\apache-tomcat-8.0.15\bin;C:\Program Files\nodejs\node_global;C:\Program Files\nodejs\node_cache;C:\Users\BiuBiu\AppData\Local\Microsoft\WindowsApps;C:\Users\BiuBiu\AppData\Local\GitHubDesktop\bin;C:\Users\BiuBiu\AppData\Roaming\nvm;C:\Program Files\nodejs;C:\Program Files\JetBrains\CLion 2022.2\bin;;C:\Program Files\JetBrains\WebStorm 2022.2\bin;;
USERNAME=BiuBiu
OS=Windows_NT
PROCESSOR_IDENTIFIER=AMD64 Family 23 Model 96 Stepping 1, AuthenticAMD



---------------  S Y S T E M  ---------------

OS:
 Windows 11 , 64 bit Build 22621 (10.0.22621.1105)
OS uptime: 0 days 22:09 hours
Hyper-V role detected

CPU: total 16 (initial active 16) (16 cores per cpu, 2 threads per core) family 23 model 96 stepping 1 microcode 0x0, cx8, cmov, fxsr, ht, mmx, 3dnowpref, sse, sse2, sse3, ssse3, sse4a, sse4.1, sse4.2, popcnt, lzcnt, tsc, tscinvbit, avx, avx2, aes, clmul, bmi1, bmi2, adx, sha, fma, vzeroupper, clflush, clflushopt, hv

Memory: 4k page, system-wide physical 15734M (4479M free)
TotalPageFile size 15734M (AvailPageFile size 45M)
current process WorkingSet (physical memory assigned to process): 239M, peak: 239M
current process commit charge ("private bytes"): 402M, peak: 461M

vm_info: OpenJDK 64-Bit Server VM (17.0.3+6-LTS) for windows-amd64 JRE (17.0.3+6-LTS), built on Apr 15 2022 22:16:02 by "Administrator" with MS VC++ 15.9 (VS2017)

END.
